<?xml version="1.0" encoding="UTF-8"?>
<testng-results skipped="0" failed="1" total="2" passed="1">
  <reporter-output>
  </reporter-output>
  <suite name="Default suite" duration-ms="68736" started-at="2020-07-26T14:25:33Z" finished-at="2020-07-26T14:26:41Z">
    <groups>
      <group name="regression">
        <method signature="Electronics.addMIMobiles()[pri:0, instance:com.flipkart.businessscripts.Electronics@34033bd0]" name="addMIMobiles" class="com.flipkart.businessscripts.Electronics"/>
      </group> <!-- regression -->
      <group name="regression1">
        <method signature="Electronics.verifyoutofstockforsamsungmobileunder15k()[pri:0, instance:com.flipkart.businessscripts.Electronics@34033bd0]" name="verifyoutofstockforsamsungmobileunder15k" class="com.flipkart.businessscripts.Electronics"/>
      </group> <!-- regression1 -->
    </groups>
    <test name="Default test" duration-ms="68736" started-at="2020-07-26T14:25:33Z" finished-at="2020-07-26T14:26:41Z">
      <class name="com.flipkart.businessscripts.Electronics">
        <test-method status="PASS" signature="launchbrowser()[pri:0, instance:com.flipkart.businessscripts.Electronics@34033bd0]" name="launchbrowser" is-config="true" duration-ms="8097" started-at="2020-07-26T19:55:33Z" finished-at="2020-07-26T19:55:41Z">
          <reporter-output>
          </reporter-output>
        </test-method> <!-- launchbrowser -->
        <test-method status="PASS" signature="moveToElectronics()[pri:0, instance:com.flipkart.businessscripts.Electronics@34033bd0]" name="moveToElectronics" is-config="true" duration-ms="4089" started-at="2020-07-26T19:55:41Z" finished-at="2020-07-26T19:55:45Z">
          <reporter-output>
          </reporter-output>
        </test-method> <!-- moveToElectronics -->
        <test-method status="PASS" signature="verifyoutofstockforsamsungmobileunder15k()[pri:0, instance:com.flipkart.businessscripts.Electronics@34033bd0]" name="verifyoutofstockforsamsungmobileunder15k" duration-ms="41968" started-at="2020-07-26T19:55:45Z" finished-at="2020-07-26T19:56:27Z">
          <reporter-output>
          </reporter-output>
        </test-method> <!-- verifyoutofstockforsamsungmobileunder15k -->
        <test-method status="PASS" signature="moveToElectronics()[pri:0, instance:com.flipkart.businessscripts.Electronics@34033bd0]" name="moveToElectronics" is-config="true" duration-ms="4192" started-at="2020-07-26T19:56:27Z" finished-at="2020-07-26T19:56:31Z">
          <reporter-output>
          </reporter-output>
        </test-method> <!-- moveToElectronics -->
        <test-method status="FAIL" signature="addMIMobiles()[pri:0, instance:com.flipkart.businessscripts.Electronics@34033bd0]" name="addMIMobiles" duration-ms="10325" started-at="2020-07-26T19:56:31Z" finished-at="2020-07-26T19:56:41Z">
          <exception class="org.openqa.selenium.NoSuchElementException">
            <message>
              <![CDATA[no such element: Unable to locate element: {"method":"link text","selector":"Realme"}
  (Session info: chrome=84.0.4147.89)
  (Driver info: chromedriver=2.38.552522 (437e6fbedfa8762dec75e2c5b3ddb86763dc9dcb),platform=Windows NT 6.1.7601 SP1 x86_64) (WARNING: The server did not provide any stacktrace information)
Command duration or timeout: 0 milliseconds
For documentation on this error, please visit: https://www.seleniumhq.org/exceptions/no_such_element.html
Build info: version: '3.141.59', revision: 'e82be7d358', time: '2018-11-14T08:25:53'
System info: host: 'LENOVO-PC', ip: '192.168.1.7', os.name: 'Windows 7', os.arch: 'amd64', os.version: '6.1', java.version: '1.8.0_121'
Driver info: org.openqa.selenium.chrome.ChromeDriver
Capabilities {acceptInsecureCerts: false, acceptSslCerts: false, applicationCacheEnabled: false, browserConnectionEnabled: false, browserName: chrome, chrome: {chromedriverVersion: 2.38.552522 (437e6fbedfa876..., userDataDir: C:\Users\Lenovo\AppData\Loc...}, cssSelectorsEnabled: true, databaseEnabled: false, handlesAlerts: true, hasTouchScreen: false, javascriptEnabled: true, locationContextEnabled: true, mobileEmulationEnabled: false, nativeEvents: true, networkConnectionEnabled: false, pageLoadStrategy: normal, platform: XP, platformName: XP, rotatable: false, setWindowRect: true, takesHeapSnapshot: true, takesScreenshot: true, unexpectedAlertBehaviour: , unhandledPromptBehavior: , version: 84.0.4147.89, webStorageEnabled: true}
Session ID: 49846bf433cefc81512e8856c4f76105
*** Element info: {Using=link text, value=Realme}]]>
            </message>
            <full-stacktrace>
              <![CDATA[org.openqa.selenium.NoSuchElementException: no such element: Unable to locate element: {"method":"link text","selector":"Realme"}
  (Session info: chrome=84.0.4147.89)
  (Driver info: chromedriver=2.38.552522 (437e6fbedfa8762dec75e2c5b3ddb86763dc9dcb),platform=Windows NT 6.1.7601 SP1 x86_64) (WARNING: The server did not provide any stacktrace information)
Command duration or timeout: 0 milliseconds
For documentation on this error, please visit: https://www.seleniumhq.org/exceptions/no_such_element.html
Build info: version: '3.141.59', revision: 'e82be7d358', time: '2018-11-14T08:25:53'
System info: host: 'LENOVO-PC', ip: '192.168.1.7', os.name: 'Windows 7', os.arch: 'amd64', os.version: '6.1', java.version: '1.8.0_121'
Driver info: org.openqa.selenium.chrome.ChromeDriver
Capabilities {acceptInsecureCerts: false, acceptSslCerts: false, applicationCacheEnabled: false, browserConnectionEnabled: false, browserName: chrome, chrome: {chromedriverVersion: 2.38.552522 (437e6fbedfa876..., userDataDir: C:\Users\Lenovo\AppData\Loc...}, cssSelectorsEnabled: true, databaseEnabled: false, handlesAlerts: true, hasTouchScreen: false, javascriptEnabled: true, locationContextEnabled: true, mobileEmulationEnabled: false, nativeEvents: true, networkConnectionEnabled: false, pageLoadStrategy: normal, platform: XP, platformName: XP, rotatable: false, setWindowRect: true, takesHeapSnapshot: true, takesScreenshot: true, unexpectedAlertBehaviour: , unhandledPromptBehavior: , version: 84.0.4147.89, webStorageEnabled: true}
Session ID: 49846bf433cefc81512e8856c4f76105
*** Element info: {Using=link text, value=Realme}
	at sun.reflect.NativeConstructorAccessorImpl.newInstance0(Native Method)
	at sun.reflect.NativeConstructorAccessorImpl.newInstance(NativeConstructorAccessorImpl.java:62)
	at sun.reflect.DelegatingConstructorAccessorImpl.newInstance(DelegatingConstructorAccessorImpl.java:45)
	at java.lang.reflect.Constructor.newInstance(Constructor.java:423)
	at org.openqa.selenium.remote.ErrorHandler.createThrowable(ErrorHandler.java:214)
	at org.openqa.selenium.remote.ErrorHandler.throwIfResponseFailed(ErrorHandler.java:166)
	at org.openqa.selenium.remote.http.JsonHttpResponseCodec.reconstructValue(JsonHttpResponseCodec.java:40)
	at org.openqa.selenium.remote.http.AbstractHttpResponseCodec.decode(AbstractHttpResponseCodec.java:80)
	at org.openqa.selenium.remote.http.AbstractHttpResponseCodec.decode(AbstractHttpResponseCodec.java:44)
	at org.openqa.selenium.remote.HttpCommandExecutor.execute(HttpCommandExecutor.java:158)
	at org.openqa.selenium.remote.service.DriverCommandExecutor.execute(DriverCommandExecutor.java:83)
	at org.openqa.selenium.remote.RemoteWebDriver.execute(RemoteWebDriver.java:552)
	at org.openqa.selenium.remote.RemoteWebDriver.findElement(RemoteWebDriver.java:323)
	at org.openqa.selenium.remote.RemoteWebDriver.findElementByLinkText(RemoteWebDriver.java:380)
	at org.openqa.selenium.By$ByLinkText.findElement(By.java:220)
	at org.openqa.selenium.remote.RemoteWebDriver.findElement(RemoteWebDriver.java:315)
	at com.testng.ReusableTestNG.click(ReusableTestNG.java:58)
	at com.flipkart.businessscripts.Electronics.addMIMobiles(Electronics.java:92)
	at sun.reflect.NativeMethodAccessorImpl.invoke0(Native Method)
	at sun.reflect.NativeMethodAccessorImpl.invoke(NativeMethodAccessorImpl.java:62)
	at sun.reflect.DelegatingMethodAccessorImpl.invoke(DelegatingMethodAccessorImpl.java:43)
	at java.lang.reflect.Method.invoke(Method.java:498)
	at org.testng.internal.MethodInvocationHelper.invokeMethod(MethodInvocationHelper.java:85)
	at org.testng.internal.Invoker.invokeMethod(Invoker.java:663)
	at org.testng.internal.Invoker.invokeTestMethod(Invoker.java:849)
	at org.testng.internal.Invoker.invokeTestMethods(Invoker.java:1157)
	at org.testng.internal.TestMethodWorker.invokeTestMethods(TestMethodWorker.java:124)
	at org.testng.internal.TestMethodWorker.run(TestMethodWorker.java:108)
	at org.testng.TestRunner.privateRun(TestRunner.java:771)
	at org.testng.TestRunner.run(TestRunner.java:621)
	at org.testng.SuiteRunner.runTest(SuiteRunner.java:357)
	at org.testng.SuiteRunner.runSequentially(SuiteRunner.java:352)
	at org.testng.SuiteRunner.privateRun(SuiteRunner.java:310)
	at org.testng.SuiteRunner.run(SuiteRunner.java:259)
	at org.testng.SuiteRunnerWorker.runSuite(SuiteRunnerWorker.java:52)
	at org.testng.SuiteRunnerWorker.run(SuiteRunnerWorker.java:86)
	at org.testng.TestNG.runSuitesSequentially(TestNG.java:1200)
	at org.testng.TestNG.runSuitesLocally(TestNG.java:1125)
	at org.testng.TestNG.run(TestNG.java:1033)
	at org.testng.remote.RemoteTestNG.run(RemoteTestNG.java:111)
	at org.testng.remote.RemoteTestNG.initAndRun(RemoteTestNG.java:204)
	at org.testng.remote.RemoteTestNG.main(RemoteTestNG.java:175)
]]>
            </full-stacktrace>
          </exception> <!-- org.openqa.selenium.NoSuchElementException -->
          <reporter-output>
          </reporter-output>
        </test-method> <!-- addMIMobiles -->
        <test-method status="PASS" signature="teardown()[pri:0, instance:com.flipkart.businessscripts.Electronics@34033bd0]" name="teardown" is-config="true" duration-ms="629" started-at="2020-07-26T19:56:41Z" finished-at="2020-07-26T19:56:42Z">
          <reporter-output>
          </reporter-output>
        </test-method> <!-- teardown -->
      </class> <!-- com.flipkart.businessscripts.Electronics -->
    </test> <!-- Default test -->
  </suite> <!-- Default suite -->
</testng-results>
