<?xml version="1.0" encoding="UTF-8"?>
<testng-results skipped="0" failed="1" total="3" passed="2">
  <reporter-output>
    <line>
      <![CDATA[<a href='C:\Users\Lenovo\Documents\FlipKart\target\surefire-reports\failure_screenshots\RefinanceCalculatortextpage_26_12_2020_07_58_24.png'> <img src='C:\Users\Lenovo\Documents\FlipKart\target\surefire-reports\failure_screenshots\RefinanceCalculatortextpage_26_12_2020_07_58_24.png' height='100' width='100'/> </a>]]>
    </line>
    <line>
      <![CDATA[<a href='C:\Users\Lenovo\Documents\FlipKart\target\surefire-reports\failure_screenshots\RefinanceCalculatortextpage_26_12_2020_07_58_40.png'> <img src='C:\Users\Lenovo\Documents\FlipKart\target\surefire-reports\failure_screenshots\RefinanceCalculatortextpage_26_12_2020_07_58_40.png' height='100' width='100'/> </a>]]>
    </line>
  </reporter-output>
  <suite name="applicationname" duration-ms="296446" started-at="2020-12-26T02:23:44Z" finished-at="2020-12-26T02:28:40Z">
    <groups>
      <group name="regression">
        <method signature="Rates.fhaloancalculator()[pri:0, instance:com.testng.Rates@133e16fd]" name="fhaloancalculator" class="com.testng.Rates"/>
        <method signature="Rates.verifyFHAtextpage()[pri:0, instance:com.testng.Rates@133e16fd]" name="verifyFHAtextpage" class="com.testng.Rates"/>
        <method signature="Refinance.RefinanceCalculatortextpage()[pri:0, instance:com.testng.Refinance@2bea5ab4]" name="RefinanceCalculatortextpage" class="com.testng.Refinance"/>
      </group> <!-- regression -->
      <group name="smoke">
        <method signature="Rates.fhaloancalculator()[pri:0, instance:com.testng.Rates@133e16fd]" name="fhaloancalculator" class="com.testng.Rates"/>
      </group> <!-- smoke -->
    </groups>
    <test name="FirefoxbrowserTestig" duration-ms="296446" started-at="2020-12-26T02:23:44Z" finished-at="2020-12-26T02:28:40Z">
      <class name="com.testng.Refinance">
        <test-method status="PASS" signature="moushoveronrefinance()[pri:0, instance:com.testng.Refinance@2bea5ab4]" name="moushoveronrefinance" is-config="true" duration-ms="1409" started-at="2020-12-26T07:58:08Z" finished-at="2020-12-26T07:58:09Z">
          <reporter-output>
          </reporter-output>
        </test-method> <!-- moushoveronrefinance -->
        <test-method status="PASS" signature="moushoveronrefinance()[pri:0, instance:com.testng.Refinance@2bea5ab4]" name="moushoveronrefinance" is-config="true" duration-ms="116" started-at="2020-12-26T07:58:25Z" finished-at="2020-12-26T07:58:25Z">
          <reporter-output>
          </reporter-output>
        </test-method> <!-- moushoveronrefinance -->
        <test-method status="FAIL" signature="RefinanceCalculatortextpage()[pri:0, instance:com.testng.Refinance@2bea5ab4]" name="RefinanceCalculatortextpage" duration-ms="15078" started-at="2020-12-26T07:58:25Z" finished-at="2020-12-26T07:58:40Z">
          <exception class="java.lang.NullPointerException">
            <full-stacktrace>
              <![CDATA[java.lang.NullPointerException
	at com.testng.Refinance.RefinanceCalculatortextpage(Refinance.java:28)
	at sun.reflect.NativeMethodAccessorImpl.invoke0(Native Method)
	at sun.reflect.NativeMethodAccessorImpl.invoke(NativeMethodAccessorImpl.java:62)
	at sun.reflect.DelegatingMethodAccessorImpl.invoke(DelegatingMethodAccessorImpl.java:43)
	at java.lang.reflect.Method.invoke(Method.java:498)
	at org.testng.internal.MethodInvocationHelper.invokeMethod(MethodInvocationHelper.java:85)
	at org.testng.internal.Invoker.invokeMethod(Invoker.java:663)
	at org.testng.internal.Invoker.retryFailed(Invoker.java:995)
	at org.testng.internal.Invoker.invokeTestMethods(Invoker.java:1175)
	at org.testng.internal.TestMethodWorker.invokeTestMethods(TestMethodWorker.java:124)
	at org.testng.internal.TestMethodWorker.run(TestMethodWorker.java:108)
	at org.testng.TestRunner.privateRun(TestRunner.java:771)
	at org.testng.TestRunner.run(TestRunner.java:621)
	at org.testng.SuiteRunner.runTest(SuiteRunner.java:357)
	at org.testng.SuiteRunner.access$000(SuiteRunner.java:38)
	at org.testng.SuiteRunner$SuiteWorker.run(SuiteRunner.java:391)
	at org.testng.internal.thread.ThreadUtil$2.call(ThreadUtil.java:64)
	at java.util.concurrent.FutureTask.run(FutureTask.java:266)
	at java.util.concurrent.ThreadPoolExecutor.runWorker(ThreadPoolExecutor.java:1142)
	at java.util.concurrent.ThreadPoolExecutor$Worker.run(ThreadPoolExecutor.java:617)
	at java.lang.Thread.run(Thread.java:745)
]]>
            </full-stacktrace>
          </exception> <!-- java.lang.NullPointerException -->
          <reporter-output>
            <line>
              <![CDATA[<a href='C:\Users\Lenovo\Documents\FlipKart\target\surefire-reports\failure_screenshots\RefinanceCalculatortextpage_26_12_2020_07_58_40.png'> <img src='C:\Users\Lenovo\Documents\FlipKart\target\surefire-reports\failure_screenshots\RefinanceCalculatortextpage_26_12_2020_07_58_40.png' height='100' width='100'/> </a>]]>
            </line>
          </reporter-output>
        </test-method> <!-- RefinanceCalculatortextpage -->
      </class> <!-- com.testng.Refinance -->
      <class name="com.testng.Rates">
        <test-method status="PASS" signature="launchapp(java.lang.String, java.lang.String)[pri:0, instance:com.testng.Rates@133e16fd]" name="launchapp" is-config="true" duration-ms="43811" started-at="2020-12-26T07:53:44Z" finished-at="2020-12-26T07:54:27Z">
          <params>
            <param index="0">
              <value>
                <![CDATA[firefox]]>
              </value>
            </param>
            <param index="1">
              <value>
                <![CDATA[https://www.mortgagecalculator.org/]]>
              </value>
            </param>
          </params>
          <reporter-output>
          </reporter-output>
        </test-method> <!-- launchapp -->
        <test-method status="PASS" signature="mousehoveronFHAloans()[pri:0, instance:com.testng.Rates@133e16fd]" name="mousehoveronFHAloans" is-config="true" duration-ms="218763" started-at="2020-12-26T07:54:27Z" finished-at="2020-12-26T07:58:06Z">
          <reporter-output>
          </reporter-output>
        </test-method> <!-- mousehoveronFHAloans -->
        <test-method status="PASS" signature="verifyFHAtextpage()[pri:0, instance:com.testng.Rates@133e16fd]" name="verifyFHAtextpage" duration-ms="169" started-at="2020-12-26T07:58:06Z" finished-at="2020-12-26T07:58:06Z">
          <reporter-output>
          </reporter-output>
        </test-method> <!-- verifyFHAtextpage -->
        <test-method status="PASS" signature="fhaloancalculator()[pri:0, instance:com.testng.Rates@133e16fd]" name="fhaloancalculator" duration-ms="1170" started-at="2020-12-26T07:58:06Z" finished-at="2020-12-26T07:58:08Z">
          <reporter-output>
          </reporter-output>
        </test-method> <!-- fhaloancalculator -->
        <test-method status="PASS" signature="closeapp()[pri:0, instance:com.testng.Rates@133e16fd]" name="closeapp" is-config="true" duration-ms="187" started-at="2020-12-26T07:58:40Z" finished-at="2020-12-26T07:58:40Z">
          <reporter-output>
          </reporter-output>
        </test-method> <!-- closeapp -->
      </class> <!-- com.testng.Rates -->
    </test> <!-- FirefoxbrowserTestig -->
  </suite> <!-- applicationname -->
</testng-results>
