<?xml version="1.0" encoding="UTF-8"?>
<!-- Generated by org.testng.reporters.JUnitXMLReporter -->
<testsuite hostname="Lenovo-PC" name="ChromeBrowserTesting" tests="2" failures="0" timestamp="6 Jul 2020 03:41:35 GMT" time="0.029" errors="0">
  <testcase name="@BeforeMethod moveToElectronics" time="0.0" classname="com.flipkart.businessscripts.Electronics">
    <skipped/>
  </testcase> <!-- @BeforeMethod moveToElectronics -->
  <testcase name="addMIMobiles" time="0.008" classname="com.flipkart.businessscripts.Electronics">
    <skipped/>
  </testcase> <!-- addMIMobiles -->
  <testcase name="addshoeitemtocart" time="0.001" classname="com.flipkart.businessscripts.Men">
    <skipped/>
  </testcase> <!-- addshoeitemtocart -->
</testsuite> <!-- ChromeBrowserTesting -->
