<?xml version="1.0" encoding="UTF-8"?>
<!-- Generated by org.testng.reporters.JUnitXMLReporter -->
<testsuite hostname="Lenovo-PC" name="FirefoxbrowserTestig" tests="4" failures="2" timestamp="26 Dec 2020 02:28:40 GMT" time="296.446" errors="0">
  <testcase name="verifyFHAtextpage" time="0.169" classname="com.testng.Rates"/>
  <testcase name="fhaloancalculator" time="1.17" classname="com.testng.Rates"/>
  <testcase name="RefinanceCalculatortextpage" time="15.09" classname="com.testng.Refinance">
    <failure type="java.lang.NullPointerException">
      <![CDATA[java.lang.NullPointerException
	at com.testng.Refinance.RefinanceCalculatortextpage(Refinance.java:28)
	at java.util.concurrent.FutureTask.run(FutureTask.java:266)
	at java.util.concurrent.ThreadPoolExecutor.runWorker(ThreadPoolExecutor.java:1142)
	at java.util.concurrent.ThreadPoolExecutor$Worker.run(ThreadPoolExecutor.java:617)
	at java.lang.Thread.run(Thread.java:745)
... Removed 16 stack frames]]>
    </failure>
  </testcase> <!-- RefinanceCalculatortextpage -->
  <testcase name="RefinanceCalculatortextpage" time="15.078" classname="com.testng.Refinance">
    <failure type="java.lang.NullPointerException">
      <![CDATA[java.lang.NullPointerException
	at com.testng.Refinance.RefinanceCalculatortextpage(Refinance.java:28)
	at java.util.concurrent.FutureTask.run(FutureTask.java:266)
	at java.util.concurrent.ThreadPoolExecutor.runWorker(ThreadPoolExecutor.java:1142)
	at java.util.concurrent.ThreadPoolExecutor$Worker.run(ThreadPoolExecutor.java:617)
	at java.lang.Thread.run(Thread.java:745)
... Removed 16 stack frames]]>
    </failure>
  </testcase> <!-- RefinanceCalculatortextpage -->
</testsuite> <!-- FirefoxbrowserTestig -->
